[2021-10-16 13:49:58] local.ERROR: could not find driver (SQL: select * from information_schema.tables where table_schema = projeto01 and table_name = migrations and table_type = 'BASE TABLE') {"exception":"[object] (Illuminate\\Database\\QueryException(code: 0): could not find driver (SQL: select * from information_schema.tables where table_schema = projeto01 and table_name = migrations and table_type = 'BASE TABLE') at /home/roberiofagundes/Documentos/projetos/projeto/vendor/laravel/framework/src/Illuminate/Database/Connection.php:703)
[stacktrace]
#0 /home/roberiofagundes/Documentos/projetos/projeto/vendor/laravel/framework/src/Illuminate/Database/Connection.php(663): Illuminate\\Database\\Connection->runQueryCallback()
#1 /home/roberiofagundes/Documentos/projetos/projeto/vendor/laravel/framework/src/Illuminate/Database/Connection.php(367): Illuminate\\Database\\Connection->run()
#2 /home/roberiofagundes/Documentos/projetos/projeto/vendor/laravel/framework/src/Illuminate/Database/Schema/MySqlBuilder.php(44): Illuminate\\Database\\Connection->select()
#3 /home/roberiofagundes/Documentos/projetos/projeto/vendor/laravel/framework/src/Illuminate/Database/Migrations/DatabaseMigrationRepository.php(169): Illuminate\\Database\\Schema\\MySqlBuilder->hasTable()
#4 /home/roberiofagundes/Documentos/projetos/projeto/vendor/laravel/framework/src/Illuminate/Database/Migrations/Migrator.php(652): Illuminate\\Database\\Migrations\\DatabaseMigrationRepository->repositoryExists()
#5 /home/roberiofagundes/Documentos/projetos/projeto/vendor/laravel/framework/src/Illuminate/Database/Console/Migrations/MigrateCommand.php(106): Illuminate\\Database\\Migrations\\Migrator->repositoryExists()
#6 /home/roberiofagundes/Documentos/projetos/projeto/vendor/laravel/framework/src/Illuminate/Database/Console/Migrations/MigrateCommand.php(77): Illuminate\\Database\\Console\\Migrations\\MigrateCommand->prepareDatabase()
#7 /home/roberiofagundes/Documentos/projetos/projeto/vendor/laravel/framework/src/Illuminate/Database/Migrations/Migrator.php(585): Illuminate\\Database\\Console\\Migrations\\MigrateCommand->Illuminate\\Database\\Console\\Migrations\\{closure}()
#8 /home/roberiofagundes/Documentos/projetos/projeto/vendor/laravel/framework/src/Illuminate/Database/Console/Migrations/MigrateCommand.php(94): Illuminate\\Database\\Migrations\\Migrator->usingConnection()
#9 /home/roberiofagundes/Documentos/projetos/projeto/vendor/laravel/framework/src/Illuminate/Container/BoundMethod.php(36): Illuminate\\Database\\Console\\Migrations\\MigrateCommand->handle()
#10 /home/roberiofagundes/Documentos/projetos/projeto/vendor/laravel/framework/src/Illuminate/Container/Util.php(40): Illuminate\\Container\\BoundMethod::Illuminate\\Container\\{closure}()
#11 /home/roberiofagundes/Documentos/projetos/projeto/vendor/laravel/framework/src/Illuminate/Container/BoundMethod.php(93): Illuminate\\Container\\Util::unwrapIfClosure()
#12 /home/roberiofagundes/Documentos/projetos/projeto/vendor/laravel/framework/src/Illuminate/Container/BoundMethod.php(37): Illuminate\\Container\\BoundMethod::callBoundMethod()
#13 /home/roberiofagundes/Documentos/projetos/projeto/vendor/laravel/framework/src/Illuminate/Container/Container.php(653): Illuminate\\Container\\BoundMethod::call()
#14 /home/roberiofagundes/Documentos/projetos/projeto/vendor/laravel/framework/src/Illuminate/Console/Command.php(136): Illuminate\\Container\\Container->call()
#15 /home/roberiofagundes/Documentos/projetos/projeto/vendor/symfony/console/Command/Command.php(299): Illuminate\\Console\\Command->execute()
#16 /home/roberiofagundes/Documentos/projetos/projeto/vendor/laravel/framework/src/Illuminate/Console/Command.php(121): Symfony\\Component\\Console\\Command\\Command->run()
#17 /home/roberiofagundes/Documentos/projetos/projeto/vendor/symfony/console/Application.php(978): Illuminate\\Console\\Command->run()
#18 /home/roberiofagundes/Documentos/projetos/projeto/vendor/symfony/console/Application.php(295): Symfony\\Component\\Console\\Application->doRunCommand()
#19 /home/roberiofagundes/Documentos/projetos/projeto/vendor/symfony/console/Application.php(167): Symfony\\Component\\Console\\Application->doRun()
#20 /home/roberiofagundes/Documentos/projetos/projeto/vendor/laravel/framework/src/Illuminate/Console/Application.php(94): Symfony\\Component\\Console\\Application->run()
#21 /home/roberiofagundes/Documentos/projetos/projeto/vendor/laravel/framework/src/Illuminate/Foundation/Console/Kernel.php(129): Illuminate\\Console\\Application->run()
#22 /home/roberiofagundes/Documentos/projetos/projeto/artisan(37): Illuminate\\Foundation\\Console\\Kernel->handle()
#23 {main}

[previous exception] [object] (PDOException(code: 0): could not find driver at /home/roberiofagundes/Documentos/projetos/projeto/vendor/laravel/framework/src/Illuminate/Database/Connectors/Connector.php:70)
[stacktrace]
#0 /home/roberiofagundes/Documentos/projetos/projeto/vendor/laravel/framework/src/Illuminate/Database/Connectors/Connector.php(70): PDO->__construct()
#1 /home/roberiofagundes/Documentos/projetos/projeto/vendor/laravel/framework/src/Illuminate/Database/Connectors/Connector.php(46): Illuminate\\Database\\Connectors\\Connector->createPdoConnection()
#2 /home/roberiofagundes/Documentos/projetos/projeto/vendor/laravel/framework/src/Illuminate/Database/Connectors/MySqlConnector.php(24): Illuminate\\Database\\Connectors\\Connector->createConnection()
#3 /home/roberiofagundes/Documentos/projetos/projeto/vendor/laravel/framework/src/Illuminate/Database/Connectors/ConnectionFactory.php(184): Illuminate\\Database\\Connectors\\MySqlConnector->connect()
#4 [internal function]: Illuminate\\Database\\Connectors\\ConnectionFactory->Illuminate\\Database\\Connectors\\{closure}()
#5 /home/roberiofagundes/Documentos/projetos/projeto/vendor/laravel/framework/src/Illuminate/Database/Connection.php(1021): call_user_func()
#6 /home/roberiofagundes/Documentos/projetos/projeto/vendor/laravel/framework/src/Illuminate/Database/Connection.php(1057): Illuminate\\Database\\Connection->getPdo()
#7 /home/roberiofagundes/Documentos/projetos/projeto/vendor/laravel/framework/src/Illuminate/Database/Connection.php(433): Illuminate\\Database\\Connection->getReadPdo()
#8 /home/roberiofagundes/Documentos/projetos/projeto/vendor/laravel/framework/src/Illuminate/Database/Connection.php(359): Illuminate\\Database\\Connection->getPdoForSelect()
#9 /home/roberiofagundes/Documentos/projetos/projeto/vendor/laravel/framework/src/Illuminate/Database/Connection.php(696): Illuminate\\Database\\Connection->Illuminate\\Database\\{closure}()
#10 /home/roberiofagundes/Documentos/projetos/projeto/vendor/laravel/framework/src/Illuminate/Database/Connection.php(663): Illuminate\\Database\\Connection->runQueryCallback()
#11 /home/roberiofagundes/Documentos/projetos/projeto/vendor/laravel/framework/src/Illuminate/Database/Connection.php(367): Illuminate\\Database\\Connection->run()
#12 /home/roberiofagundes/Documentos/projetos/projeto/vendor/laravel/framework/src/Illuminate/Database/Schema/MySqlBuilder.php(44): Illuminate\\Database\\Connection->select()
#13 /home/roberiofagundes/Documentos/projetos/projeto/vendor/laravel/framework/src/Illuminate/Database/Migrations/DatabaseMigrationRepository.php(169): Illuminate\\Database\\Schema\\MySqlBuilder->hasTable()
#14 /home/roberiofagundes/Documentos/projetos/projeto/vendor/laravel/framework/src/Illuminate/Database/Migrations/Migrator.php(652): Illuminate\\Database\\Migrations\\DatabaseMigrationRepository->repositoryExists()
#15 /home/roberiofagundes/Documentos/projetos/projeto/vendor/laravel/framework/src/Illuminate/Database/Console/Migrations/MigrateCommand.php(106): Illuminate\\Database\\Migrations\\Migrator->repositoryExists()
#16 /home/roberiofagundes/Documentos/projetos/projeto/vendor/laravel/framework/src/Illuminate/Database/Console/Migrations/MigrateCommand.php(77): Illuminate\\Database\\Console\\Migrations\\MigrateCommand->prepareDatabase()
#17 /home/roberiofagundes/Documentos/projetos/projeto/vendor/laravel/framework/src/Illuminate/Database/Migrations/Migrator.php(585): Illuminate\\Database\\Console\\Migrations\\MigrateCommand->Illuminate\\Database\\Console\\Migrations\\{closure}()
#18 /home/roberiofagundes/Documentos/projetos/projeto/vendor/laravel/framework/src/Illuminate/Database/Console/Migrations/MigrateCommand.php(94): Illuminate\\Database\\Migrations\\Migrator->usingConnection()
#19 /home/roberiofagundes/Documentos/projetos/projeto/vendor/laravel/framework/src/Illuminate/Container/BoundMethod.php(36): Illuminate\\Database\\Console\\Migrations\\MigrateCommand->handle()
#20 /home/roberiofagundes/Documentos/projetos/projeto/vendor/laravel/framework/src/Illuminate/Container/Util.php(40): Illuminate\\Container\\BoundMethod::Illuminate\\Container\\{closure}()
#21 /home/roberiofagundes/Documentos/projetos/projeto/vendor/laravel/framework/src/Illuminate/Container/BoundMethod.php(93): Illuminate\\Container\\Util::unwrapIfClosure()
#22 /home/roberiofagundes/Documentos/projetos/projeto/vendor/laravel/framework/src/Illuminate/Container/BoundMethod.php(37): Illuminate\\Container\\BoundMethod::callBoundMethod()
#23 /home/roberiofagundes/Documentos/projetos/projeto/vendor/laravel/framework/src/Illuminate/Container/Container.php(653): Illuminate\\Container\\BoundMethod::call()
#24 /home/roberiofagundes/Documentos/projetos/projeto/vendor/laravel/framework/src/Illuminate/Console/Command.php(136): Illuminate\\Container\\Container->call()
#25 /home/roberiofagundes/Documentos/projetos/projeto/vendor/symfony/console/Command/Command.php(299): Illuminate\\Console\\Command->execute()
#26 /home/roberiofagundes/Documentos/projetos/projeto/vendor/laravel/framework/src/Illuminate/Console/Command.php(121): Symfony\\Component\\Console\\Command\\Command->run()
#27 /home/roberiofagundes/Documentos/projetos/projeto/vendor/symfony/console/Application.php(978): Illuminate\\Console\\Command->run()
#28 /home/roberiofagundes/Documentos/projetos/projeto/vendor/symfony/console/Application.php(295): Symfony\\Component\\Console\\Application->doRunCommand()
#29 /home/roberiofagundes/Documentos/projetos/projeto/vendor/symfony/console/Application.php(167): Symfony\\Component\\Console\\Application->doRun()
#30 /home/roberiofagundes/Documentos/projetos/projeto/vendor/laravel/framework/src/Illuminate/Console/Application.php(94): Symfony\\Component\\Console\\Application->run()
#31 /home/roberiofagundes/Documentos/projetos/projeto/vendor/laravel/framework/src/Illuminate/Foundation/Console/Kernel.php(129): Illuminate\\Console\\Application->run()
#32 /home/roberiofagundes/Documentos/projetos/projeto/artisan(37): Illuminate\\Foundation\\Console\\Kernel->handle()
#33 {main}
"} 
[2021-10-16 13:51:43] local.ERROR: could not find driver (SQL: select * from information_schema.tables where table_schema = projeto01 and table_name = migrations and table_type = 'BASE TABLE') {"exception":"[object] (Illuminate\\Database\\QueryException(code: 0): could not find driver (SQL: select * from information_schema.tables where table_schema = projeto01 and table_name = migrations and table_type = 'BASE TABLE') at /home/roberiofagundes/Documentos/projetos/projeto/vendor/laravel/framework/src/Illuminate/Database/Connection.php:703)
[stacktrace]
#0 /home/roberiofagundes/Documentos/projetos/projeto/vendor/laravel/framework/src/Illuminate/Database/Connection.php(663): Illuminate\\Database\\Connection->runQueryCallback()
#1 /home/roberiofagundes/Documentos/projetos/projeto/vendor/laravel/framework/src/Illuminate/Database/Connection.php(367): Illuminate\\Database\\Connection->run()
#2 /home/roberiofagundes/Documentos/projetos/projeto/vendor/laravel/framework/src/Illuminate/Database/Schema/MySqlBuilder.php(44): Illuminate\\Database\\Connection->select()
#3 /home/roberiofagundes/Documentos/projetos/projeto/vendor/laravel/framework/src/Illuminate/Database/Migrations/DatabaseMigrationRepository.php(169): Illuminate\\Database\\Schema\\MySqlBuilder->hasTable()
#4 /home/roberiofagundes/Documentos/projetos/projeto/vendor/laravel/framework/src/Illuminate/Database/Migrations/Migrator.php(652): Illuminate\\Database\\Migrations\\DatabaseMigrationRepository->repositoryExists()
#5 /home/roberiofagundes/Documentos/projetos/projeto/vendor/laravel/framework/src/Illuminate/Database/Console/Migrations/MigrateCommand.php(106): Illuminate\\Database\\Migrations\\Migrator->repositoryExists()
#6 /home/roberiofagundes/Documentos/projetos/projeto/vendor/laravel/framework/src/Illuminate/Database/Console/Migrations/MigrateCommand.php(77): Illuminate\\Database\\Console\\Migrations\\MigrateCommand->prepareDatabase()
#7 /home/roberiofagundes/Documentos/projetos/projeto/vendor/laravel/framework/src/Illuminate/Database/Migrations/Migrator.php(585): Illuminate\\Database\\Console\\Migrations\\MigrateCommand->Illuminate\\Database\\Console\\Migrations\\{closure}()
#8 /home/roberiofagundes/Documentos/projetos/projeto/vendor/laravel/framework/src/Illuminate/Database/Console/Migrations/MigrateCommand.php(94): Illuminate\\Database\\Migrations\\Migrator->usingConnection()
#9 /home/roberiofagundes/Documentos/projetos/projeto/vendor/laravel/framework/src/Illuminate/Container/BoundMethod.php(36): Illuminate\\Database\\Console\\Migrations\\MigrateCommand->handle()
#10 /home/roberiofagundes/Documentos/projetos/projeto/vendor/laravel/framework/src/Illuminate/Container/Util.php(40): Illuminate\\Container\\BoundMethod::Illuminate\\Container\\{closure}()
#11 /home/roberiofagundes/Documentos/projetos/projeto/vendor/laravel/framework/src/Illuminate/Container/BoundMethod.php(93): Illuminate\\Container\\Util::unwrapIfClosure()
#12 /home/roberiofagundes/Documentos/projetos/projeto/vendor/laravel/framework/src/Illuminate/Container/BoundMethod.php(37): Illuminate\\Container\\BoundMethod::callBoundMethod()
#13 /home/roberiofagundes/Documentos/projetos/projeto/vendor/laravel/framework/src/Illuminate/Container/Container.php(653): Illuminate\\Container\\BoundMethod::call()
#14 /home/roberiofagundes/Documentos/projetos/projeto/vendor/laravel/framework/src/Illuminate/Console/Command.php(136): Illuminate\\Container\\Container->call()
#15 /home/roberiofagundes/Documentos/projetos/projeto/vendor/symfony/console/Command/Command.php(299): Illuminate\\Console\\Command->execute()
#16 /home/roberiofagundes/Documentos/projetos/projeto/vendor/laravel/framework/src/Illuminate/Console/Command.php(121): Symfony\\Component\\Console\\Command\\Command->run()
#17 /home/roberiofagundes/Documentos/projetos/projeto/vendor/symfony/console/Application.php(978): Illuminate\\Console\\Command->run()
#18 /home/roberiofagundes/Documentos/projetos/projeto/vendor/symfony/console/Application.php(295): Symfony\\Component\\Console\\Application->doRunCommand()
#19 /home/roberiofagundes/Documentos/projetos/projeto/vendor/symfony/console/Application.php(167): Symfony\\Component\\Console\\Application->doRun()
#20 /home/roberiofagundes/Documentos/projetos/projeto/vendor/laravel/framework/src/Illuminate/Console/Application.php(94): Symfony\\Component\\Console\\Application->run()
#21 /home/roberiofagundes/Documentos/projetos/projeto/vendor/laravel/framework/src/Illuminate/Foundation/Console/Kernel.php(129): Illuminate\\Console\\Application->run()
#22 /home/roberiofagundes/Documentos/projetos/projeto/artisan(37): Illuminate\\Foundation\\Console\\Kernel->handle()
#23 {main}

[previous exception] [object] (PDOException(code: 0): could not find driver at /home/roberiofagundes/Documentos/projetos/projeto/vendor/laravel/framework/src/Illuminate/Database/Connectors/Connector.php:70)
[stacktrace]
#0 /home/roberiofagundes/Documentos/projetos/projeto/vendor/laravel/framework/src/Illuminate/Database/Connectors/Connector.php(70): PDO->__construct()
#1 /home/roberiofagundes/Documentos/projetos/projeto/vendor/laravel/framework/src/Illuminate/Database/Connectors/Connector.php(46): Illuminate\\Database\\Connectors\\Connector->createPdoConnection()
#2 /home/roberiofagundes/Documentos/projetos/projeto/vendor/laravel/framework/src/Illuminate/Database/Connectors/MySqlConnector.php(24): Illuminate\\Database\\Connectors\\Connector->createConnection()
#3 /home/roberiofagundes/Documentos/projetos/projeto/vendor/laravel/framework/src/Illuminate/Database/Connectors/ConnectionFactory.php(184): Illuminate\\Database\\Connectors\\MySqlConnector->connect()
#4 [internal function]: Illuminate\\Database\\Connectors\\ConnectionFactory->Illuminate\\Database\\Connectors\\{closure}()
#5 /home/roberiofagundes/Documentos/projetos/projeto/vendor/laravel/framework/src/Illuminate/Database/Connection.php(1021): call_user_func()
#6 /home/roberiofagundes/Documentos/projetos/projeto/vendor/laravel/framework/src/Illuminate/Database/Connection.php(1057): Illuminate\\Database\\Connection->getPdo()
#7 /home/roberiofagundes/Documentos/projetos/projeto/vendor/laravel/framework/src/Illuminate/Database/Connection.php(433): Illuminate\\Database\\Connection->getReadPdo()
#8 /home/roberiofagundes/Documentos/projetos/projeto/vendor/laravel/framework/src/Illuminate/Database/Connection.php(359): Illuminate\\Database\\Connection->getPdoForSelect()
#9 /home/roberiofagundes/Documentos/projetos/projeto/vendor/laravel/framework/src/Illuminate/Database/Connection.php(696): Illuminate\\Database\\Connection->Illuminate\\Database\\{closure}()
#10 /home/roberiofagundes/Documentos/projetos/projeto/vendor/laravel/framework/src/Illuminate/Database/Connection.php(663): Illuminate\\Database\\Connection->runQueryCallback()
#11 /home/roberiofagundes/Documentos/projetos/projeto/vendor/laravel/framework/src/Illuminate/Database/Connection.php(367): Illuminate\\Database\\Connection->run()
#12 /home/roberiofagundes/Documentos/projetos/projeto/vendor/laravel/framework/src/Illuminate/Database/Schema/MySqlBuilder.php(44): Illuminate\\Database\\Connection->select()
#13 /home/roberiofagundes/Documentos/projetos/projeto/vendor/laravel/framework/src/Illuminate/Database/Migrations/DatabaseMigrationRepository.php(169): Illuminate\\Database\\Schema\\MySqlBuilder->hasTable()
#14 /home/roberiofagundes/Documentos/projetos/projeto/vendor/laravel/framework/src/Illuminate/Database/Migrations/Migrator.php(652): Illuminate\\Database\\Migrations\\DatabaseMigrationRepository->repositoryExists()
#15 /home/roberiofagundes/Documentos/projetos/projeto/vendor/laravel/framework/src/Illuminate/Database/Console/Migrations/MigrateCommand.php(106): Illuminate\\Database\\Migrations\\Migrator->repositoryExists()
#16 /home/roberiofagundes/Documentos/projetos/projeto/vendor/laravel/framework/src/Illuminate/Database/Console/Migrations/MigrateCommand.php(77): Illuminate\\Database\\Console\\Migrations\\MigrateCommand->prepareDatabase()
#17 /home/roberiofagundes/Documentos/projetos/projeto/vendor/laravel/framework/src/Illuminate/Database/Migrations/Migrator.php(585): Illuminate\\Database\\Console\\Migrations\\MigrateCommand->Illuminate\\Database\\Console\\Migrations\\{closure}()
#18 /home/roberiofagundes/Documentos/projetos/projeto/vendor/laravel/framework/src/Illuminate/Database/Console/Migrations/MigrateCommand.php(94): Illuminate\\Database\\Migrations\\Migrator->usingConnection()
#19 /home/roberiofagundes/Documentos/projetos/projeto/vendor/laravel/framework/src/Illuminate/Container/BoundMethod.php(36): Illuminate\\Database\\Console\\Migrations\\MigrateCommand->handle()
#20 /home/roberiofagundes/Documentos/projetos/projeto/vendor/laravel/framework/src/Illuminate/Container/Util.php(40): Illuminate\\Container\\BoundMethod::Illuminate\\Container\\{closure}()
#21 /home/roberiofagundes/Documentos/projetos/projeto/vendor/laravel/framework/src/Illuminate/Container/BoundMethod.php(93): Illuminate\\Container\\Util::unwrapIfClosure()
#22 /home/roberiofagundes/Documentos/projetos/projeto/vendor/laravel/framework/src/Illuminate/Container/BoundMethod.php(37): Illuminate\\Container\\BoundMethod::callBoundMethod()
#23 /home/roberiofagundes/Documentos/projetos/projeto/vendor/laravel/framework/src/Illuminate/Container/Container.php(653): Illuminate\\Container\\BoundMethod::call()
#24 /home/roberiofagundes/Documentos/projetos/projeto/vendor/laravel/framework/src/Illuminate/Console/Command.php(136): Illuminate\\Container\\Container->call()
#25 /home/roberiofagundes/Documentos/projetos/projeto/vendor/symfony/console/Command/Command.php(299): Illuminate\\Console\\Command->execute()
#26 /home/roberiofagundes/Documentos/projetos/projeto/vendor/laravel/framework/src/Illuminate/Console/Command.php(121): Symfony\\Component\\Console\\Command\\Command->run()
#27 /home/roberiofagundes/Documentos/projetos/projeto/vendor/symfony/console/Application.php(978): Illuminate\\Console\\Command->run()
#28 /home/roberiofagundes/Documentos/projetos/projeto/vendor/symfony/console/Application.php(295): Symfony\\Component\\Console\\Application->doRunCommand()
#29 /home/roberiofagundes/Documentos/projetos/projeto/vendor/symfony/console/Application.php(167): Symfony\\Component\\Console\\Application->doRun()
#30 /home/roberiofagundes/Documentos/projetos/projeto/vendor/laravel/framework/src/Illuminate/Console/Application.php(94): Symfony\\Component\\Console\\Application->run()
#31 /home/roberiofagundes/Documentos/projetos/projeto/vendor/laravel/framework/src/Illuminate/Foundation/Console/Kernel.php(129): Illuminate\\Console\\Application->run()
#32 /home/roberiofagundes/Documentos/projetos/projeto/artisan(37): Illuminate\\Foundation\\Console\\Kernel->handle()
#33 {main}
"} 
[2021-10-16 13:52:11] local.ERROR: Command "make:rollback" is not defined.

Did you mean one of these?
    make:cast
    make:channel
    make:command
    make:component
    make:controller
    make:event
    make:exception
    make:factory
    make:job
    make:listener
    make:mail
    make:middleware
    make:migration
    make:model
    make:notification
    make:observer
    make:policy
    make:provider
    make:request
    make:resource
    make:rule
    make:seeder
    make:test
    migrate:rollback {"exception":"[object] (Symfony\\Component\\Console\\Exception\\CommandNotFoundException(code: 0): Command \"make:rollback\" is not defined.

Did you mean one of these?
    make:cast
    make:channel
    make:command
    make:component
    make:controller
    make:event
    make:exception
    make:factory
    make:job
    make:listener
    make:mail
    make:middleware
    make:migration
    make:model
    make:notification
    make:observer
    make:policy
    make:provider
    make:request
    make:resource
    make:rule
    make:seeder
    make:test
    migrate:rollback at /home/roberiofagundes/Documentos/projetos/projeto/vendor/symfony/console/Application.php:682)
[stacktrace]
#0 /home/roberiofagundes/Documentos/projetos/projeto/vendor/symfony/console/Application.php(255): Symfony\\Component\\Console\\Application->find()
#1 /home/roberiofagundes/Documentos/projetos/projeto/vendor/symfony/console/Application.php(167): Symfony\\Component\\Console\\Application->doRun()
#2 /home/roberiofagundes/Documentos/projetos/projeto/vendor/laravel/framework/src/Illuminate/Console/Application.php(94): Symfony\\Component\\Console\\Application->run()
#3 /home/roberiofagundes/Documentos/projetos/projeto/vendor/laravel/framework/src/Illuminate/Foundation/Console/Kernel.php(129): Illuminate\\Console\\Application->run()
#4 /home/roberiofagundes/Documentos/projetos/projeto/artisan(37): Illuminate\\Foundation\\Console\\Kernel->handle()
#5 {main}
"} 
[2021-10-16 13:52:27] local.ERROR: Command "make:rollback" is not defined.

Did you mean one of these?
    make:cast
    make:channel
    make:command
    make:component
    make:controller
    make:event
    make:exception
    make:factory
    make:job
    make:listener
    make:mail
    make:middleware
    make:migration
    make:model
    make:notification
    make:observer
    make:policy
    make:provider
    make:request
    make:resource
    make:rule
    make:seeder
    make:test
    migrate:rollback {"exception":"[object] (Symfony\\Component\\Console\\Exception\\CommandNotFoundException(code: 0): Command \"make:rollback\" is not defined.

Did you mean one of these?
    make:cast
    make:channel
    make:command
    make:component
    make:controller
    make:event
    make:exception
    make:factory
    make:job
    make:listener
    make:mail
    make:middleware
    make:migration
    make:model
    make:notification
    make:observer
    make:policy
    make:provider
    make:request
    make:resource
    make:rule
    make:seeder
    make:test
    migrate:rollback at /home/roberiofagundes/Documentos/projetos/projeto/vendor/symfony/console/Application.php:682)
[stacktrace]
#0 /home/roberiofagundes/Documentos/projetos/projeto/vendor/symfony/console/Application.php(255): Symfony\\Component\\Console\\Application->find()
#1 /home/roberiofagundes/Documentos/projetos/projeto/vendor/symfony/console/Application.php(167): Symfony\\Component\\Console\\Application->doRun()
#2 /home/roberiofagundes/Documentos/projetos/projeto/vendor/laravel/framework/src/Illuminate/Console/Application.php(94): Symfony\\Component\\Console\\Application->run()
#3 /home/roberiofagundes/Documentos/projetos/projeto/vendor/laravel/framework/src/Illuminate/Foundation/Console/Kernel.php(129): Illuminate\\Console\\Application->run()
#4 /home/roberiofagundes/Documentos/projetos/projeto/artisan(37): Illuminate\\Foundation\\Console\\Kernel->handle()
#5 {main}
"} 
[2021-10-16 13:52:39] local.ERROR: Command "make:rollback" is not defined.

Did you mean one of these?
    make:cast
    make:channel
    make:command
    make:component
    make:controller
    make:event
    make:exception
    make:factory
    make:job
    make:listener
    make:mail
    make:middleware
    make:migration
    make:model
    make:notification
    make:observer
    make:policy
    make:provider
    make:request
    make:resource
    make:rule
    make:seeder
    make:test
    migrate:rollback {"exception":"[object] (Symfony\\Component\\Console\\Exception\\CommandNotFoundException(code: 0): Command \"make:rollback\" is not defined.

Did you mean one of these?
    make:cast
    make:channel
    make:command
    make:component
    make:controller
    make:event
    make:exception
    make:factory
    make:job
    make:listener
    make:mail
    make:middleware
    make:migration
    make:model
    make:notification
    make:observer
    make:policy
    make:provider
    make:request
    make:resource
    make:rule
    make:seeder
    make:test
    migrate:rollback at /home/roberiofagundes/Documentos/projetos/projeto/vendor/symfony/console/Application.php:682)
[stacktrace]
#0 /home/roberiofagundes/Documentos/projetos/projeto/vendor/symfony/console/Application.php(255): Symfony\\Component\\Console\\Application->find()
#1 /home/roberiofagundes/Documentos/projetos/projeto/vendor/symfony/console/Application.php(167): Symfony\\Component\\Console\\Application->doRun()
#2 /home/roberiofagundes/Documentos/projetos/projeto/vendor/laravel/framework/src/Illuminate/Console/Application.php(94): Symfony\\Component\\Console\\Application->run()
#3 /home/roberiofagundes/Documentos/projetos/projeto/vendor/laravel/framework/src/Illuminate/Foundation/Console/Kernel.php(129): Illuminate\\Console\\Application->run()
#4 /home/roberiofagundes/Documentos/projetos/projeto/artisan(37): Illuminate\\Foundation\\Console\\Kernel->handle()
#5 {main}
"} 
[2021-10-16 13:52:59] local.ERROR: could not find driver (SQL: select max(`batch`) as aggregate from `migrations`) {"exception":"[object] (Illuminate\\Database\\QueryException(code: 0): could not find driver (SQL: select max(`batch`) as aggregate from `migrations`) at /home/roberiofagundes/Documentos/projetos/projeto/vendor/laravel/framework/src/Illuminate/Database/Connection.php:703)
[stacktrace]
#0 /home/roberiofagundes/Documentos/projetos/projeto/vendor/laravel/framework/src/Illuminate/Database/Connection.php(663): Illuminate\\Database\\Connection->runQueryCallback()
#1 /home/roberiofagundes/Documentos/projetos/projeto/vendor/laravel/framework/src/Illuminate/Database/Connection.php(367): Illuminate\\Database\\Connection->run()
#2 /home/roberiofagundes/Documentos/projetos/projeto/vendor/laravel/framework/src/Illuminate/Database/Query/Builder.php(2350): Illuminate\\Database\\Connection->select()
#3 /home/roberiofagundes/Documentos/projetos/projeto/vendor/laravel/framework/src/Illuminate/Database/Query/Builder.php(2338): Illuminate\\Database\\Query\\Builder->runSelect()
#4 /home/roberiofagundes/Documentos/projetos/projeto/vendor/laravel/framework/src/Illuminate/Database/Query/Builder.php(2872): Illuminate\\Database\\Query\\Builder->Illuminate\\Database\\Query\\{closure}()
#5 /home/roberiofagundes/Documentos/projetos/projeto/vendor/laravel/framework/src/Illuminate/Database/Query/Builder.php(2339): Illuminate\\Database\\Query\\Builder->onceWithColumns()
#6 /home/roberiofagundes/Documentos/projetos/projeto/vendor/laravel/framework/src/Illuminate/Database/Query/Builder.php(2799): Illuminate\\Database\\Query\\Builder->get()
#7 /home/roberiofagundes/Documentos/projetos/projeto/vendor/laravel/framework/src/Illuminate/Database/Query/Builder.php(2749): Illuminate\\Database\\Query\\Builder->aggregate()
#8 /home/roberiofagundes/Documentos/projetos/projeto/vendor/laravel/framework/src/Illuminate/Database/Migrations/DatabaseMigrationRepository.php(138): Illuminate\\Database\\Query\\Builder->max()
#9 /home/roberiofagundes/Documentos/projetos/projeto/vendor/laravel/framework/src/Illuminate/Database/Migrations/DatabaseMigrationRepository.php(78): Illuminate\\Database\\Migrations\\DatabaseMigrationRepository->getLastBatchNumber()
#10 /home/roberiofagundes/Documentos/projetos/projeto/vendor/laravel/framework/src/Illuminate/Database/Migrations/Migrator.php(251): Illuminate\\Database\\Migrations\\DatabaseMigrationRepository->getLast()
#11 /home/roberiofagundes/Documentos/projetos/projeto/vendor/laravel/framework/src/Illuminate/Database/Migrations/Migrator.php(226): Illuminate\\Database\\Migrations\\Migrator->getMigrationsForRollback()
#12 /home/roberiofagundes/Documentos/projetos/projeto/vendor/laravel/framework/src/Illuminate/Database/Console/Migrations/RollbackCommand.php(62): Illuminate\\Database\\Migrations\\Migrator->rollback()
#13 /home/roberiofagundes/Documentos/projetos/projeto/vendor/laravel/framework/src/Illuminate/Database/Migrations/Migrator.php(585): Illuminate\\Database\\Console\\Migrations\\RollbackCommand->Illuminate\\Database\\Console\\Migrations\\{closure}()
#14 /home/roberiofagundes/Documentos/projetos/projeto/vendor/laravel/framework/src/Illuminate/Database/Console/Migrations/RollbackCommand.php(65): Illuminate\\Database\\Migrations\\Migrator->usingConnection()
#15 /home/roberiofagundes/Documentos/projetos/projeto/vendor/laravel/framework/src/Illuminate/Container/BoundMethod.php(36): Illuminate\\Database\\Console\\Migrations\\RollbackCommand->handle()
#16 /home/roberiofagundes/Documentos/projetos/projeto/vendor/laravel/framework/src/Illuminate/Container/Util.php(40): Illuminate\\Container\\BoundMethod::Illuminate\\Container\\{closure}()
#17 /home/roberiofagundes/Documentos/projetos/projeto/vendor/laravel/framework/src/Illuminate/Container/BoundMethod.php(93): Illuminate\\Container\\Util::unwrapIfClosure()
#18 /home/roberiofagundes/Documentos/projetos/projeto/vendor/laravel/framework/src/Illuminate/Container/BoundMethod.php(37): Illuminate\\Container\\BoundMethod::callBoundMethod()
#19 /home/roberiofagundes/Documentos/projetos/projeto/vendor/laravel/framework/src/Illuminate/Container/Container.php(653): Illuminate\\Container\\BoundMethod::call()
#20 /home/roberiofagundes/Documentos/projetos/projeto/vendor/laravel/framework/src/Illuminate/Console/Command.php(136): Illuminate\\Container\\Container->call()
#21 /home/roberiofagundes/Documentos/projetos/projeto/vendor/symfony/console/Command/Command.php(299): Illuminate\\Console\\Command->execute()
#22 /home/roberiofagundes/Documentos/projetos/projeto/vendor/laravel/framework/src/Illuminate/Console/Command.php(121): Symfony\\Component\\Console\\Command\\Command->run()
#23 /home/roberiofagundes/Documentos/projetos/projeto/vendor/symfony/console/Application.php(978): Illuminate\\Console\\Command->run()
#24 /home/roberiofagundes/Documentos/projetos/projeto/vendor/symfony/console/Application.php(295): Symfony\\Component\\Console\\Application->doRunCommand()
#25 /home/roberiofagundes/Documentos/projetos/projeto/vendor/symfony/console/Application.php(167): Symfony\\Component\\Console\\Application->doRun()
#26 /home/roberiofagundes/Documentos/projetos/projeto/vendor/laravel/framework/src/Illuminate/Console/Application.php(94): Symfony\\Component\\Console\\Application->run()
#27 /home/roberiofagundes/Documentos/projetos/projeto/vendor/laravel/framework/src/Illuminate/Foundation/Console/Kernel.php(129): Illuminate\\Console\\Application->run()
#28 /home/roberiofagundes/Documentos/projetos/projeto/artisan(37): Illuminate\\Foundation\\Console\\Kernel->handle()
#29 {main}

[previous exception] [object] (PDOException(code: 0): could not find driver at /home/roberiofagundes/Documentos/projetos/projeto/vendor/laravel/framework/src/Illuminate/Database/Connectors/Connector.php:70)
[stacktrace]
#0 /home/roberiofagundes/Documentos/projetos/projeto/vendor/laravel/framework/src/Illuminate/Database/Connectors/Connector.php(70): PDO->__construct()
#1 /home/roberiofagundes/Documentos/projetos/projeto/vendor/laravel/framework/src/Illuminate/Database/Connectors/Connector.php(46): Illuminate\\Database\\Connectors\\Connector->createPdoConnection()
#2 /home/roberiofagundes/Documentos/projetos/projeto/vendor/laravel/framework/src/Illuminate/Database/Connectors/MySqlConnector.php(24): Illuminate\\Database\\Connectors\\Connector->createConnection()
#3 /home/roberiofagundes/Documentos/projetos/projeto/vendor/laravel/framework/src/Illuminate/Database/Connectors/ConnectionFactory.php(184): Illuminate\\Database\\Connectors\\MySqlConnector->connect()
#4 [internal function]: Illuminate\\Database\\Connectors\\ConnectionFactory->Illuminate\\Database\\Connectors\\{closure}()
#5 /home/roberiofagundes/Documentos/projetos/projeto/vendor/laravel/framework/src/Illuminate/Database/Connection.php(1021): call_user_func()
#6 /home/roberiofagundes/Documentos/projetos/projeto/vendor/laravel/framework/src/Illuminate/Database/Connection.php(433): Illuminate\\Database\\Connection->getPdo()
#7 /home/roberiofagundes/Documentos/projetos/projeto/vendor/laravel/framework/src/Illuminate/Database/Connection.php(359): Illuminate\\Database\\Connection->getPdoForSelect()
#8 /home/roberiofagundes/Documentos/projetos/projeto/vendor/laravel/framework/src/Illuminate/Database/Connection.php(696): Illuminate\\Database\\Connection->Illuminate\\Database\\{closure}()
#9 /home/roberiofagundes/Documentos/projetos/projeto/vendor/laravel/framework/src/Illuminate/Database/Connection.php(663): Illuminate\\Database\\Connection->runQueryCallback()
#10 /home/roberiofagundes/Documentos/projetos/projeto/vendor/laravel/framework/src/Illuminate/Database/Connection.php(367): Illuminate\\Database\\Connection->run()
#11 /home/roberiofagundes/Documentos/projetos/projeto/vendor/laravel/framework/src/Illuminate/Database/Query/Builder.php(2350): Illuminate\\Database\\Connection->select()
#12 /home/roberiofagundes/Documentos/projetos/projeto/vendor/laravel/framework/src/Illuminate/Database/Query/Builder.php(2338): Illuminate\\Database\\Query\\Builder->runSelect()
#13 /home/roberiofagundes/Documentos/projetos/projeto/vendor/laravel/framework/src/Illuminate/Database/Query/Builder.php(2872): Illuminate\\Database\\Query\\Builder->Illuminate\\Database\\Query\\{closure}()
#14 /home/roberiofagundes/Documentos/projetos/projeto/vendor/laravel/framework/src/Illuminate/Database/Query/Builder.php(2339): Illuminate\\Database\\Query\\Builder->onceWithColumns()
#15 /home/roberiofagundes/Documentos/projetos/projeto/vendor/laravel/framework/src/Illuminate/Database/Query/Builder.php(2799): Illuminate\\Database\\Query\\Builder->get()
#16 /home/roberiofagundes/Documentos/projetos/projeto/vendor/laravel/framework/src/Illuminate/Database/Query/Builder.php(2749): Illuminate\\Database\\Query\\Builder->aggregate()
#17 /home/roberiofagundes/Documentos/projetos/projeto/vendor/laravel/framework/src/Illuminate/Database/Migrations/DatabaseMigrationRepository.php(138): Illuminate\\Database\\Query\\Builder->max()
#18 /home/roberiofagundes/Documentos/projetos/projeto/vendor/laravel/framework/src/Illuminate/Database/Migrations/DatabaseMigrationRepository.php(78): Illuminate\\Database\\Migrations\\DatabaseMigrationRepository->getLastBatchNumber()
#19 /home/roberiofagundes/Documentos/projetos/projeto/vendor/laravel/framework/src/Illuminate/Database/Migrations/Migrator.php(251): Illuminate\\Database\\Migrations\\DatabaseMigrationRepository->getLast()
#20 /home/roberiofagundes/Documentos/projetos/projeto/vendor/laravel/framework/src/Illuminate/Database/Migrations/Migrator.php(226): Illuminate\\Database\\Migrations\\Migrator->getMigrationsForRollback()
#21 /home/roberiofagundes/Documentos/projetos/projeto/vendor/laravel/framework/src/Illuminate/Database/Console/Migrations/RollbackCommand.php(62): Illuminate\\Database\\Migrations\\Migrator->rollback()
#22 /home/roberiofagundes/Documentos/projetos/projeto/vendor/laravel/framework/src/Illuminate/Database/Migrations/Migrator.php(585): Illuminate\\Database\\Console\\Migrations\\RollbackCommand->Illuminate\\Database\\Console\\Migrations\\{closure}()
#23 /home/roberiofagundes/Documentos/projetos/projeto/vendor/laravel/framework/src/Illuminate/Database/Console/Migrations/RollbackCommand.php(65): Illuminate\\Database\\Migrations\\Migrator->usingConnection()
#24 /home/roberiofagundes/Documentos/projetos/projeto/vendor/laravel/framework/src/Illuminate/Container/BoundMethod.php(36): Illuminate\\Database\\Console\\Migrations\\RollbackCommand->handle()
#25 /home/roberiofagundes/Documentos/projetos/projeto/vendor/laravel/framework/src/Illuminate/Container/Util.php(40): Illuminate\\Container\\BoundMethod::Illuminate\\Container\\{closure}()
#26 /home/roberiofagundes/Documentos/projetos/projeto/vendor/laravel/framework/src/Illuminate/Container/BoundMethod.php(93): Illuminate\\Container\\Util::unwrapIfClosure()
#27 /home/roberiofagundes/Documentos/projetos/projeto/vendor/laravel/framework/src/Illuminate/Container/BoundMethod.php(37): Illuminate\\Container\\BoundMethod::callBoundMethod()
#28 /home/roberiofagundes/Documentos/projetos/projeto/vendor/laravel/framework/src/Illuminate/Container/Container.php(653): Illuminate\\Container\\BoundMethod::call()
#29 /home/roberiofagundes/Documentos/projetos/projeto/vendor/laravel/framework/src/Illuminate/Console/Command.php(136): Illuminate\\Container\\Container->call()
#30 /home/roberiofagundes/Documentos/projetos/projeto/vendor/symfony/console/Command/Command.php(299): Illuminate\\Console\\Command->execute()
#31 /home/roberiofagundes/Documentos/projetos/projeto/vendor/laravel/framework/src/Illuminate/Console/Command.php(121): Symfony\\Component\\Console\\Command\\Command->run()
#32 /home/roberiofagundes/Documentos/projetos/projeto/vendor/symfony/console/Application.php(978): Illuminate\\Console\\Command->run()
#33 /home/roberiofagundes/Documentos/projetos/projeto/vendor/symfony/console/Application.php(295): Symfony\\Component\\Console\\Application->doRunCommand()
#34 /home/roberiofagundes/Documentos/projetos/projeto/vendor/symfony/console/Application.php(167): Symfony\\Component\\Console\\Application->doRun()
#35 /home/roberiofagundes/Documentos/projetos/projeto/vendor/laravel/framework/src/Illuminate/Console/Application.php(94): Symfony\\Component\\Console\\Application->run()
#36 /home/roberiofagundes/Documentos/projetos/projeto/vendor/laravel/framework/src/Illuminate/Foundation/Console/Kernel.php(129): Illuminate\\Console\\Application->run()
#37 /home/roberiofagundes/Documentos/projetos/projeto/artisan(37): Illuminate\\Foundation\\Console\\Kernel->handle()
#38 {main}
"} 
[2021-10-16 13:54:21] local.ERROR: could not find driver (SQL: select * from information_schema.tables where table_schema = projeto01 and table_name = migrations and table_type = 'BASE TABLE') {"exception":"[object] (Illuminate\\Database\\QueryException(code: 0): could not find driver (SQL: select * from information_schema.tables where table_schema = projeto01 and table_name = migrations and table_type = 'BASE TABLE') at /home/roberiofagundes/Documentos/projetos/projeto/vendor/laravel/framework/src/Illuminate/Database/Connection.php:703)
[stacktrace]
#0 /home/roberiofagundes/Documentos/projetos/projeto/vendor/laravel/framework/src/Illuminate/Database/Connection.php(663): Illuminate\\Database\\Connection->runQueryCallback()
#1 /home/roberiofagundes/Documentos/projetos/projeto/vendor/laravel/framework/src/Illuminate/Database/Connection.php(367): Illuminate\\Database\\Connection->run()
#2 /home/roberiofagundes/Documentos/projetos/projeto/vendor/laravel/framework/src/Illuminate/Database/Schema/MySqlBuilder.php(44): Illuminate\\Database\\Connection->select()
#3 /home/roberiofagundes/Documentos/projetos/projeto/vendor/laravel/framework/src/Illuminate/Database/Migrations/DatabaseMigrationRepository.php(169): Illuminate\\Database\\Schema\\MySqlBuilder->hasTable()
#4 /home/roberiofagundes/Documentos/projetos/projeto/vendor/laravel/framework/src/Illuminate/Database/Migrations/Migrator.php(652): Illuminate\\Database\\Migrations\\DatabaseMigrationRepository->repositoryExists()
#5 /home/roberiofagundes/Documentos/projetos/projeto/vendor/laravel/framework/src/Illuminate/Database/Console/Migrations/MigrateCommand.php(106): Illuminate\\Database\\Migrations\\Migrator->repositoryExists()
#6 /home/roberiofagundes/Documentos/projetos/projeto/vendor/laravel/framework/src/Illuminate/Database/Console/Migrations/MigrateCommand.php(77): Illuminate\\Database\\Console\\Migrations\\MigrateCommand->prepareDatabase()
#7 /home/roberiofagundes/Documentos/projetos/projeto/vendor/laravel/framework/src/Illuminate/Database/Migrations/Migrator.php(585): Illuminate\\Database\\Console\\Migrations\\MigrateCommand->Illuminate\\Database\\Console\\Migrations\\{closure}()
#8 /home/roberiofagundes/Documentos/projetos/projeto/vendor/laravel/framework/src/Illuminate/Database/Console/Migrations/MigrateCommand.php(94): Illuminate\\Database\\Migrations\\Migrator->usingConnection()
#9 /home/roberiofagundes/Documentos/projetos/projeto/vendor/laravel/framework/src/Illuminate/Container/BoundMethod.php(36): Illuminate\\Database\\Console\\Migrations\\MigrateCommand->handle()
#10 /home/roberiofagundes/Documentos/projetos/projeto/vendor/laravel/framework/src/Illuminate/Container/Util.php(40): Illuminate\\Container\\BoundMethod::Illuminate\\Container\\{closure}()
#11 /home/roberiofagundes/Documentos/projetos/projeto/vendor/laravel/framework/src/Illuminate/Container/BoundMethod.php(93): Illuminate\\Container\\Util::unwrapIfClosure()
#12 /home/roberiofagundes/Documentos/projetos/projeto/vendor/laravel/framework/src/Illuminate/Container/BoundMethod.php(37): Illuminate\\Container\\BoundMethod::callBoundMethod()
#13 /home/roberiofagundes/Documentos/projetos/projeto/vendor/laravel/framework/src/Illuminate/Container/Container.php(653): Illuminate\\Container\\BoundMethod::call()
#14 /home/roberiofagundes/Documentos/projetos/projeto/vendor/laravel/framework/src/Illuminate/Console/Command.php(136): Illuminate\\Container\\Container->call()
#15 /home/roberiofagundes/Documentos/projetos/projeto/vendor/symfony/console/Command/Command.php(299): Illuminate\\Console\\Command->execute()
#16 /home/roberiofagundes/Documentos/projetos/projeto/vendor/laravel/framework/src/Illuminate/Console/Command.php(121): Symfony\\Component\\Console\\Command\\Command->run()
#17 /home/roberiofagundes/Documentos/projetos/projeto/vendor/symfony/console/Application.php(978): Illuminate\\Console\\Command->run()
#18 /home/roberiofagundes/Documentos/projetos/projeto/vendor/symfony/console/Application.php(295): Symfony\\Component\\Console\\Application->doRunCommand()
#19 /home/roberiofagundes/Documentos/projetos/projeto/vendor/symfony/console/Application.php(167): Symfony\\Component\\Console\\Application->doRun()
#20 /home/roberiofagundes/Documentos/projetos/projeto/vendor/laravel/framework/src/Illuminate/Console/Application.php(94): Symfony\\Component\\Console\\Application->run()
#21 /home/roberiofagundes/Documentos/projetos/projeto/vendor/laravel/framework/src/Illuminate/Foundation/Console/Kernel.php(129): Illuminate\\Console\\Application->run()
#22 /home/roberiofagundes/Documentos/projetos/projeto/artisan(37): Illuminate\\Foundation\\Console\\Kernel->handle()
#23 {main}

[previous exception] [object] (PDOException(code: 0): could not find driver at /home/roberiofagundes/Documentos/projetos/projeto/vendor/laravel/framework/src/Illuminate/Database/Connectors/Connector.php:70)
[stacktrace]
#0 /home/roberiofagundes/Documentos/projetos/projeto/vendor/laravel/framework/src/Illuminate/Database/Connectors/Connector.php(70): PDO->__construct()
#1 /home/roberiofagundes/Documentos/projetos/projeto/vendor/laravel/framework/src/Illuminate/Database/Connectors/Connector.php(46): Illuminate\\Database\\Connectors\\Connector->createPdoConnection()
#2 /home/roberiofagundes/Documentos/projetos/projeto/vendor/laravel/framework/src/Illuminate/Database/Connectors/MySqlConnector.php(24): Illuminate\\Database\\Connectors\\Connector->createConnection()
#3 /home/roberiofagundes/Documentos/projetos/projeto/vendor/laravel/framework/src/Illuminate/Database/Connectors/ConnectionFactory.php(184): Illuminate\\Database\\Connectors\\MySqlConnector->connect()
#4 [internal function]: Illuminate\\Database\\Connectors\\ConnectionFactory->Illuminate\\Database\\Connectors\\{closure}()
#5 /home/roberiofagundes/Documentos/projetos/projeto/vendor/laravel/framework/src/Illuminate/Database/Connection.php(1021): call_user_func()
#6 /home/roberiofagundes/Documentos/projetos/projeto/vendor/laravel/framework/src/Illuminate/Database/Connection.php(1057): Illuminate\\Database\\Connection->getPdo()
#7 /home/roberiofagundes/Documentos/projetos/projeto/vendor/laravel/framework/src/Illuminate/Database/Connection.php(433): Illuminate\\Database\\Connection->getReadPdo()
#8 /home/roberiofagundes/Documentos/projetos/projeto/vendor/laravel/framework/src/Illuminate/Database/Connection.php(359): Illuminate\\Database\\Connection->getPdoForSelect()
#9 /home/roberiofagundes/Documentos/projetos/projeto/vendor/laravel/framework/src/Illuminate/Database/Connection.php(696): Illuminate\\Database\\Connection->Illuminate\\Database\\{closure}()
#10 /home/roberiofagundes/Documentos/projetos/projeto/vendor/laravel/framework/src/Illuminate/Database/Connection.php(663): Illuminate\\Database\\Connection->runQueryCallback()
#11 /home/roberiofagundes/Documentos/projetos/projeto/vendor/laravel/framework/src/Illuminate/Database/Connection.php(367): Illuminate\\Database\\Connection->run()
#12 /home/roberiofagundes/Documentos/projetos/projeto/vendor/laravel/framework/src/Illuminate/Database/Schema/MySqlBuilder.php(44): Illuminate\\Database\\Connection->select()
#13 /home/roberiofagundes/Documentos/projetos/projeto/vendor/laravel/framework/src/Illuminate/Database/Migrations/DatabaseMigrationRepository.php(169): Illuminate\\Database\\Schema\\MySqlBuilder->hasTable()
#14 /home/roberiofagundes/Documentos/projetos/projeto/vendor/laravel/framework/src/Illuminate/Database/Migrations/Migrator.php(652): Illuminate\\Database\\Migrations\\DatabaseMigrationRepository->repositoryExists()
#15 /home/roberiofagundes/Documentos/projetos/projeto/vendor/laravel/framework/src/Illuminate/Database/Console/Migrations/MigrateCommand.php(106): Illuminate\\Database\\Migrations\\Migrator->repositoryExists()
#16 /home/roberiofagundes/Documentos/projetos/projeto/vendor/laravel/framework/src/Illuminate/Database/Console/Migrations/MigrateCommand.php(77): Illuminate\\Database\\Console\\Migrations\\MigrateCommand->prepareDatabase()
#17 /home/roberiofagundes/Documentos/projetos/projeto/vendor/laravel/framework/src/Illuminate/Database/Migrations/Migrator.php(585): Illuminate\\Database\\Console\\Migrations\\MigrateCommand->Illuminate\\Database\\Console\\Migrations\\{closure}()
#18 /home/roberiofagundes/Documentos/projetos/projeto/vendor/laravel/framework/src/Illuminate/Database/Console/Migrations/MigrateCommand.php(94): Illuminate\\Database\\Migrations\\Migrator->usingConnection()
#19 /home/roberiofagundes/Documentos/projetos/projeto/vendor/laravel/framework/src/Illuminate/Container/BoundMethod.php(36): Illuminate\\Database\\Console\\Migrations\\MigrateCommand->handle()
#20 /home/roberiofagundes/Documentos/projetos/projeto/vendor/laravel/framework/src/Illuminate/Container/Util.php(40): Illuminate\\Container\\BoundMethod::Illuminate\\Container\\{closure}()
#21 /home/roberiofagundes/Documentos/projetos/projeto/vendor/laravel/framework/src/Illuminate/Container/BoundMethod.php(93): Illuminate\\Container\\Util::unwrapIfClosure()
#22 /home/roberiofagundes/Documentos/projetos/projeto/vendor/laravel/framework/src/Illuminate/Container/BoundMethod.php(37): Illuminate\\Container\\BoundMethod::callBoundMethod()
#23 /home/roberiofagundes/Documentos/projetos/projeto/vendor/laravel/framework/src/Illuminate/Container/Container.php(653): Illuminate\\Container\\BoundMethod::call()
#24 /home/roberiofagundes/Documentos/projetos/projeto/vendor/laravel/framework/src/Illuminate/Console/Command.php(136): Illuminate\\Container\\Container->call()
#25 /home/roberiofagundes/Documentos/projetos/projeto/vendor/symfony/console/Command/Command.php(299): Illuminate\\Console\\Command->execute()
#26 /home/roberiofagundes/Documentos/projetos/projeto/vendor/laravel/framework/src/Illuminate/Console/Command.php(121): Symfony\\Component\\Console\\Command\\Command->run()
#27 /home/roberiofagundes/Documentos/projetos/projeto/vendor/symfony/console/Application.php(978): Illuminate\\Console\\Command->run()
#28 /home/roberiofagundes/Documentos/projetos/projeto/vendor/symfony/console/Application.php(295): Symfony\\Component\\Console\\Application->doRunCommand()
#29 /home/roberiofagundes/Documentos/projetos/projeto/vendor/symfony/console/Application.php(167): Symfony\\Component\\Console\\Application->doRun()
#30 /home/roberiofagundes/Documentos/projetos/projeto/vendor/laravel/framework/src/Illuminate/Console/Application.php(94): Symfony\\Component\\Console\\Application->run()
#31 /home/roberiofagundes/Documentos/projetos/projeto/vendor/laravel/framework/src/Illuminate/Foundation/Console/Kernel.php(129): Illuminate\\Console\\Application->run()
#32 /home/roberiofagundes/Documentos/projetos/projeto/artisan(37): Illuminate\\Foundation\\Console\\Kernel->handle()
#33 {main}
"} 
[2021-10-16 13:54:57] local.ERROR: could not find driver (SQL: select * from information_schema.tables where table_schema = projeto01 and table_name = migrations and table_type = 'BASE TABLE') {"exception":"[object] (Illuminate\\Database\\QueryException(code: 0): could not find driver (SQL: select * from information_schema.tables where table_schema = projeto01 and table_name = migrations and table_type = 'BASE TABLE') at /home/roberiofagundes/Documentos/projetos/projeto/vendor/laravel/framework/src/Illuminate/Database/Connection.php:703)
[stacktrace]
#0 /home/roberiofagundes/Documentos/projetos/projeto/vendor/laravel/framework/src/Illuminate/Database/Connection.php(663): Illuminate\\Database\\Connection->runQueryCallback()
#1 /home/roberiofagundes/Documentos/projetos/projeto/vendor/laravel/framework/src/Illuminate/Database/Connection.php(367): Illuminate\\Database\\Connection->run()
#2 /home/roberiofagundes/Documentos/projetos/projeto/vendor/laravel/framework/src/Illuminate/Database/Schema/MySqlBuilder.php(44): Illuminate\\Database\\Connection->select()
#3 /home/roberiofagundes/Documentos/projetos/projeto/vendor/laravel/framework/src/Illuminate/Database/Migrations/DatabaseMigrationRepository.php(169): Illuminate\\Database\\Schema\\MySqlBuilder->hasTable()
#4 /home/roberiofagundes/Documentos/projetos/projeto/vendor/laravel/framework/src/Illuminate/Database/Migrations/Migrator.php(652): Illuminate\\Database\\Migrations\\DatabaseMigrationRepository->repositoryExists()
#5 /home/roberiofagundes/Documentos/projetos/projeto/vendor/laravel/framework/src/Illuminate/Database/Console/Migrations/MigrateCommand.php(106): Illuminate\\Database\\Migrations\\Migrator->repositoryExists()
#6 /home/roberiofagundes/Documentos/projetos/projeto/vendor/laravel/framework/src/Illuminate/Database/Console/Migrations/MigrateCommand.php(77): Illuminate\\Database\\Console\\Migrations\\MigrateCommand->prepareDatabase()
#7 /home/roberiofagundes/Documentos/projetos/projeto/vendor/laravel/framework/src/Illuminate/Database/Migrations/Migrator.php(585): Illuminate\\Database\\Console\\Migrations\\MigrateCommand->Illuminate\\Database\\Console\\Migrations\\{closure}()
#8 /home/roberiofagundes/Documentos/projetos/projeto/vendor/laravel/framework/src/Illuminate/Database/Console/Migrations/MigrateCommand.php(94): Illuminate\\Database\\Migrations\\Migrator->usingConnection()
#9 /home/roberiofagundes/Documentos/projetos/projeto/vendor/laravel/framework/src/Illuminate/Container/BoundMethod.php(36): Illuminate\\Database\\Console\\Migrations\\MigrateCommand->handle()
#10 /home/roberiofagundes/Documentos/projetos/projeto/vendor/laravel/framework/src/Illuminate/Container/Util.php(40): Illuminate\\Container\\BoundMethod::Illuminate\\Container\\{closure}()
#11 /home/roberiofagundes/Documentos/projetos/projeto/vendor/laravel/framework/src/Illuminate/Container/BoundMethod.php(93): Illuminate\\Container\\Util::unwrapIfClosure()
#12 /home/roberiofagundes/Documentos/projetos/projeto/vendor/laravel/framework/src/Illuminate/Container/BoundMethod.php(37): Illuminate\\Container\\BoundMethod::callBoundMethod()
#13 /home/roberiofagundes/Documentos/projetos/projeto/vendor/laravel/framework/src/Illuminate/Container/Container.php(653): Illuminate\\Container\\BoundMethod::call()
#14 /home/roberiofagundes/Documentos/projetos/projeto/vendor/laravel/framework/src/Illuminate/Console/Command.php(136): Illuminate\\Container\\Container->call()
#15 /home/roberiofagundes/Documentos/projetos/projeto/vendor/symfony/console/Command/Command.php(299): Illuminate\\Console\\Command->execute()
#16 /home/roberiofagundes/Documentos/projetos/projeto/vendor/laravel/framework/src/Illuminate/Console/Command.php(121): Symfony\\Component\\Console\\Command\\Command->run()
#17 /home/roberiofagundes/Documentos/projetos/projeto/vendor/symfony/console/Application.php(978): Illuminate\\Console\\Command->run()
#18 /home/roberiofagundes/Documentos/projetos/projeto/vendor/symfony/console/Application.php(295): Symfony\\Component\\Console\\Application->doRunCommand()
#19 /home/roberiofagundes/Documentos/projetos/projeto/vendor/symfony/console/Application.php(167): Symfony\\Component\\Console\\Application->doRun()
#20 /home/roberiofagundes/Documentos/projetos/projeto/vendor/laravel/framework/src/Illuminate/Console/Application.php(94): Symfony\\Component\\Console\\Application->run()
#21 /home/roberiofagundes/Documentos/projetos/projeto/vendor/laravel/framework/src/Illuminate/Foundation/Console/Kernel.php(129): Illuminate\\Console\\Application->run()
#22 /home/roberiofagundes/Documentos/projetos/projeto/artisan(37): Illuminate\\Foundation\\Console\\Kernel->handle()
#23 {main}

[previous exception] [object] (PDOException(code: 0): could not find driver at /home/roberiofagundes/Documentos/projetos/projeto/vendor/laravel/framework/src/Illuminate/Database/Connectors/Connector.php:70)
[stacktrace]
#0 /home/roberiofagundes/Documentos/projetos/projeto/vendor/laravel/framework/src/Illuminate/Database/Connectors/Connector.php(70): PDO->__construct()
#1 /home/roberiofagundes/Documentos/projetos/projeto/vendor/laravel/framework/src/Illuminate/Database/Connectors/Connector.php(46): Illuminate\\Database\\Connectors\\Connector->createPdoConnection()
#2 /home/roberiofagundes/Documentos/projetos/projeto/vendor/laravel/framework/src/Illuminate/Database/Connectors/MySqlConnector.php(24): Illuminate\\Database\\Connectors\\Connector->createConnection()
#3 /home/roberiofagundes/Documentos/projetos/projeto/vendor/laravel/framework/src/Illuminate/Database/Connectors/ConnectionFactory.php(184): Illuminate\\Database\\Connectors\\MySqlConnector->connect()
#4 [internal function]: Illuminate\\Database\\Connectors\\ConnectionFactory->Illuminate\\Database\\Connectors\\{closure}()
#5 /home/roberiofagundes/Documentos/projetos/projeto/vendor/laravel/framework/src/Illuminate/Database/Connection.php(1021): call_user_func()
#6 /home/roberiofagundes/Documentos/projetos/projeto/vendor/laravel/framework/src/Illuminate/Database/Connection.php(1057): Illuminate\\Database\\Connection->getPdo()
#7 /home/roberiofagundes/Documentos/projetos/projeto/vendor/laravel/framework/src/Illuminate/Database/Connection.php(433): Illuminate\\Database\\Connection->getReadPdo()
#8 /home/roberiofagundes/Documentos/projetos/projeto/vendor/laravel/framework/src/Illuminate/Database/Connection.php(359): Illuminate\\Database\\Connection->getPdoForSelect()
#9 /home/roberiofagundes/Documentos/projetos/projeto/vendor/laravel/framework/src/Illuminate/Database/Connection.php(696): Illuminate\\Database\\Connection->Illuminate\\Database\\{closure}()
#10 /home/roberiofagundes/Documentos/projetos/projeto/vendor/laravel/framework/src/Illuminate/Database/Connection.php(663): Illuminate\\Database\\Connection->runQueryCallback()
#11 /home/roberiofagundes/Documentos/projetos/projeto/vendor/laravel/framework/src/Illuminate/Database/Connection.php(367): Illuminate\\Database\\Connection->run()
#12 /home/roberiofagundes/Documentos/projetos/projeto/vendor/laravel/framework/src/Illuminate/Database/Schema/MySqlBuilder.php(44): Illuminate\\Database\\Connection->select()
#13 /home/roberiofagundes/Documentos/projetos/projeto/vendor/laravel/framework/src/Illuminate/Database/Migrations/DatabaseMigrationRepository.php(169): Illuminate\\Database\\Schema\\MySqlBuilder->hasTable()
#14 /home/roberiofagundes/Documentos/projetos/projeto/vendor/laravel/framework/src/Illuminate/Database/Migrations/Migrator.php(652): Illuminate\\Database\\Migrations\\DatabaseMigrationRepository->repositoryExists()
#15 /home/roberiofagundes/Documentos/projetos/projeto/vendor/laravel/framework/src/Illuminate/Database/Console/Migrations/MigrateCommand.php(106): Illuminate\\Database\\Migrations\\Migrator->repositoryExists()
#16 /home/roberiofagundes/Documentos/projetos/projeto/vendor/laravel/framework/src/Illuminate/Database/Console/Migrations/MigrateCommand.php(77): Illuminate\\Database\\Console\\Migrations\\MigrateCommand->prepareDatabase()
#17 /home/roberiofagundes/Documentos/projetos/projeto/vendor/laravel/framework/src/Illuminate/Database/Migrations/Migrator.php(585): Illuminate\\Database\\Console\\Migrations\\MigrateCommand->Illuminate\\Database\\Console\\Migrations\\{closure}()
#18 /home/roberiofagundes/Documentos/projetos/projeto/vendor/laravel/framework/src/Illuminate/Database/Console/Migrations/MigrateCommand.php(94): Illuminate\\Database\\Migrations\\Migrator->usingConnection()
#19 /home/roberiofagundes/Documentos/projetos/projeto/vendor/laravel/framework/src/Illuminate/Container/BoundMethod.php(36): Illuminate\\Database\\Console\\Migrations\\MigrateCommand->handle()
#20 /home/roberiofagundes/Documentos/projetos/projeto/vendor/laravel/framework/src/Illuminate/Container/Util.php(40): Illuminate\\Container\\BoundMethod::Illuminate\\Container\\{closure}()
#21 /home/roberiofagundes/Documentos/projetos/projeto/vendor/laravel/framework/src/Illuminate/Container/BoundMethod.php(93): Illuminate\\Container\\Util::unwrapIfClosure()
#22 /home/roberiofagundes/Documentos/projetos/projeto/vendor/laravel/framework/src/Illuminate/Container/BoundMethod.php(37): Illuminate\\Container\\BoundMethod::callBoundMethod()
#23 /home/roberiofagundes/Documentos/projetos/projeto/vendor/laravel/framework/src/Illuminate/Container/Container.php(653): Illuminate\\Container\\BoundMethod::call()
#24 /home/roberiofagundes/Documentos/projetos/projeto/vendor/laravel/framework/src/Illuminate/Console/Command.php(136): Illuminate\\Container\\Container->call()
#25 /home/roberiofagundes/Documentos/projetos/projeto/vendor/symfony/console/Command/Command.php(299): Illuminate\\Console\\Command->execute()
#26 /home/roberiofagundes/Documentos/projetos/projeto/vendor/laravel/framework/src/Illuminate/Console/Command.php(121): Symfony\\Component\\Console\\Command\\Command->run()
#27 /home/roberiofagundes/Documentos/projetos/projeto/vendor/symfony/console/Application.php(978): Illuminate\\Console\\Command->run()
#28 /home/roberiofagundes/Documentos/projetos/projeto/vendor/symfony/console/Application.php(295): Symfony\\Component\\Console\\Application->doRunCommand()
#29 /home/roberiofagundes/Documentos/projetos/projeto/vendor/symfony/console/Application.php(167): Symfony\\Component\\Console\\Application->doRun()
#30 /home/roberiofagundes/Documentos/projetos/projeto/vendor/laravel/framework/src/Illuminate/Console/Application.php(94): Symfony\\Component\\Console\\Application->run()
#31 /home/roberiofagundes/Documentos/projetos/projeto/vendor/laravel/framework/src/Illuminate/Foundation/Console/Kernel.php(129): Illuminate\\Console\\Application->run()
#32 /home/roberiofagundes/Documentos/projetos/projeto/artisan(37): Illuminate\\Foundation\\Console\\Kernel->handle()
#33 {main}
"} 
[2021-10-16 13:58:47] local.ERROR: could not find driver (SQL: select * from information_schema.tables where table_schema = projeto01 and table_name = migrations and table_type = 'BASE TABLE') {"exception":"[object] (Illuminate\\Database\\QueryException(code: 0): could not find driver (SQL: select * from information_schema.tables where table_schema = projeto01 and table_name = migrations and table_type = 'BASE TABLE') at /home/roberiofagundes/Documentos/projetos/projeto/vendor/laravel/framework/src/Illuminate/Database/Connection.php:703)
[stacktrace]
#0 /home/roberiofagundes/Documentos/projetos/projeto/vendor/laravel/framework/src/Illuminate/Database/Connection.php(663): Illuminate\\Database\\Connection->runQueryCallback()
#1 /home/roberiofagundes/Documentos/projetos/projeto/vendor/laravel/framework/src/Illuminate/Database/Connection.php(367): Illuminate\\Database\\Connection->run()
#2 /home/roberiofagundes/Documentos/projetos/projeto/vendor/laravel/framework/src/Illuminate/Database/Schema/MySqlBuilder.php(44): Illuminate\\Database\\Connection->select()
#3 /home/roberiofagundes/Documentos/projetos/projeto/vendor/laravel/framework/src/Illuminate/Database/Migrations/DatabaseMigrationRepository.php(169): Illuminate\\Database\\Schema\\MySqlBuilder->hasTable()
#4 /home/roberiofagundes/Documentos/projetos/projeto/vendor/laravel/framework/src/Illuminate/Database/Migrations/Migrator.php(652): Illuminate\\Database\\Migrations\\DatabaseMigrationRepository->repositoryExists()
#5 /home/roberiofagundes/Documentos/projetos/projeto/vendor/laravel/framework/src/Illuminate/Database/Console/Migrations/MigrateCommand.php(106): Illuminate\\Database\\Migrations\\Migrator->repositoryExists()
#6 /home/roberiofagundes/Documentos/projetos/projeto/vendor/laravel/framework/src/Illuminate/Database/Console/Migrations/MigrateCommand.php(77): Illuminate\\Database\\Console\\Migrations\\MigrateCommand->prepareDatabase()
#7 /home/roberiofagundes/Documentos/projetos/projeto/vendor/laravel/framework/src/Illuminate/Database/Migrations/Migrator.php(585): Illuminate\\Database\\Console\\Migrations\\MigrateCommand->Illuminate\\Database\\Console\\Migrations\\{closure}()
#8 /home/roberiofagundes/Documentos/projetos/projeto/vendor/laravel/framework/src/Illuminate/Database/Console/Migrations/MigrateCommand.php(94): Illuminate\\Database\\Migrations\\Migrator->usingConnection()
#9 /home/roberiofagundes/Documentos/projetos/projeto/vendor/laravel/framework/src/Illuminate/Container/BoundMethod.php(36): Illuminate\\Database\\Console\\Migrations\\MigrateCommand->handle()
#10 /home/roberiofagundes/Documentos/projetos/projeto/vendor/laravel/framework/src/Illuminate/Container/Util.php(40): Illuminate\\Container\\BoundMethod::Illuminate\\Container\\{closure}()
#11 /home/roberiofagundes/Documentos/projetos/projeto/vendor/laravel/framework/src/Illuminate/Container/BoundMethod.php(93): Illuminate\\Container\\Util::unwrapIfClosure()
#12 /home/roberiofagundes/Documentos/projetos/projeto/vendor/laravel/framework/src/Illuminate/Container/BoundMethod.php(37): Illuminate\\Container\\BoundMethod::callBoundMethod()
#13 /home/roberiofagundes/Documentos/projetos/projeto/vendor/laravel/framework/src/Illuminate/Container/Container.php(653): Illuminate\\Container\\BoundMethod::call()
#14 /home/roberiofagundes/Documentos/projetos/projeto/vendor/laravel/framework/src/Illuminate/Console/Command.php(136): Illuminate\\Container\\Container->call()
#15 /home/roberiofagundes/Documentos/projetos/projeto/vendor/symfony/console/Command/Command.php(299): Illuminate\\Console\\Command->execute()
#16 /home/roberiofagundes/Documentos/projetos/projeto/vendor/laravel/framework/src/Illuminate/Console/Command.php(121): Symfony\\Component\\Console\\Command\\Command->run()
#17 /home/roberiofagundes/Documentos/projetos/projeto/vendor/symfony/console/Application.php(978): Illuminate\\Console\\Command->run()
#18 /home/roberiofagundes/Documentos/projetos/projeto/vendor/symfony/console/Application.php(295): Symfony\\Component\\Console\\Application->doRunCommand()
#19 /home/roberiofagundes/Documentos/projetos/projeto/vendor/symfony/console/Application.php(167): Symfony\\Component\\Console\\Application->doRun()
#20 /home/roberiofagundes/Documentos/projetos/projeto/vendor/laravel/framework/src/Illuminate/Console/Application.php(94): Symfony\\Component\\Console\\Application->run()
#21 /home/roberiofagundes/Documentos/projetos/projeto/vendor/laravel/framework/src/Illuminate/Foundation/Console/Kernel.php(129): Illuminate\\Console\\Application->run()
#22 /home/roberiofagundes/Documentos/projetos/projeto/artisan(37): Illuminate\\Foundation\\Console\\Kernel->handle()
#23 {main}

[previous exception] [object] (PDOException(code: 0): could not find driver at /home/roberiofagundes/Documentos/projetos/projeto/vendor/laravel/framework/src/Illuminate/Database/Connectors/Connector.php:70)
[stacktrace]
#0 /home/roberiofagundes/Documentos/projetos/projeto/vendor/laravel/framework/src/Illuminate/Database/Connectors/Connector.php(70): PDO->__construct()
#1 /home/roberiofagundes/Documentos/projetos/projeto/vendor/laravel/framework/src/Illuminate/Database/Connectors/Connector.php(46): Illuminate\\Database\\Connectors\\Connector->createPdoConnection()
#2 /home/roberiofagundes/Documentos/projetos/projeto/vendor/laravel/framework/src/Illuminate/Database/Connectors/MySqlConnector.php(24): Illuminate\\Database\\Connectors\\Connector->createConnection()
#3 /home/roberiofagundes/Documentos/projetos/projeto/vendor/laravel/framework/src/Illuminate/Database/Connectors/ConnectionFactory.php(184): Illuminate\\Database\\Connectors\\MySqlConnector->connect()
#4 [internal function]: Illuminate\\Database\\Connectors\\ConnectionFactory->Illuminate\\Database\\Connectors\\{closure}()
#5 /home/roberiofagundes/Documentos/projetos/projeto/vendor/laravel/framework/src/Illuminate/Database/Connection.php(1021): call_user_func()
#6 /home/roberiofagundes/Documentos/projetos/projeto/vendor/laravel/framework/src/Illuminate/Database/Connection.php(1057): Illuminate\\Database\\Connection->getPdo()
#7 /home/roberiofagundes/Documentos/projetos/projeto/vendor/laravel/framework/src/Illuminate/Database/Connection.php(433): Illuminate\\Database\\Connection->getReadPdo()
#8 /home/roberiofagundes/Documentos/projetos/projeto/vendor/laravel/framework/src/Illuminate/Database/Connection.php(359): Illuminate\\Database\\Connection->getPdoForSelect()
#9 /home/roberiofagundes/Documentos/projetos/projeto/vendor/laravel/framework/src/Illuminate/Database/Connection.php(696): Illuminate\\Database\\Connection->Illuminate\\Database\\{closure}()
#10 /home/roberiofagundes/Documentos/projetos/projeto/vendor/laravel/framework/src/Illuminate/Database/Connection.php(663): Illuminate\\Database\\Connection->runQueryCallback()
#11 /home/roberiofagundes/Documentos/projetos/projeto/vendor/laravel/framework/src/Illuminate/Database/Connection.php(367): Illuminate\\Database\\Connection->run()
#12 /home/roberiofagundes/Documentos/projetos/projeto/vendor/laravel/framework/src/Illuminate/Database/Schema/MySqlBuilder.php(44): Illuminate\\Database\\Connection->select()
#13 /home/roberiofagundes/Documentos/projetos/projeto/vendor/laravel/framework/src/Illuminate/Database/Migrations/DatabaseMigrationRepository.php(169): Illuminate\\Database\\Schema\\MySqlBuilder->hasTable()
#14 /home/roberiofagundes/Documentos/projetos/projeto/vendor/laravel/framework/src/Illuminate/Database/Migrations/Migrator.php(652): Illuminate\\Database\\Migrations\\DatabaseMigrationRepository->repositoryExists()
#15 /home/roberiofagundes/Documentos/projetos/projeto/vendor/laravel/framework/src/Illuminate/Database/Console/Migrations/MigrateCommand.php(106): Illuminate\\Database\\Migrations\\Migrator->repositoryExists()
#16 /home/roberiofagundes/Documentos/projetos/projeto/vendor/laravel/framework/src/Illuminate/Database/Console/Migrations/MigrateCommand.php(77): Illuminate\\Database\\Console\\Migrations\\MigrateCommand->prepareDatabase()
#17 /home/roberiofagundes/Documentos/projetos/projeto/vendor/laravel/framework/src/Illuminate/Database/Migrations/Migrator.php(585): Illuminate\\Database\\Console\\Migrations\\MigrateCommand->Illuminate\\Database\\Console\\Migrations\\{closure}()
#18 /home/roberiofagundes/Documentos/projetos/projeto/vendor/laravel/framework/src/Illuminate/Database/Console/Migrations/MigrateCommand.php(94): Illuminate\\Database\\Migrations\\Migrator->usingConnection()
#19 /home/roberiofagundes/Documentos/projetos/projeto/vendor/laravel/framework/src/Illuminate/Container/BoundMethod.php(36): Illuminate\\Database\\Console\\Migrations\\MigrateCommand->handle()
#20 /home/roberiofagundes/Documentos/projetos/projeto/vendor/laravel/framework/src/Illuminate/Container/Util.php(40): Illuminate\\Container\\BoundMethod::Illuminate\\Container\\{closure}()
#21 /home/roberiofagundes/Documentos/projetos/projeto/vendor/laravel/framework/src/Illuminate/Container/BoundMethod.php(93): Illuminate\\Container\\Util::unwrapIfClosure()
#22 /home/roberiofagundes/Documentos/projetos/projeto/vendor/laravel/framework/src/Illuminate/Container/BoundMethod.php(37): Illuminate\\Container\\BoundMethod::callBoundMethod()
#23 /home/roberiofagundes/Documentos/projetos/projeto/vendor/laravel/framework/src/Illuminate/Container/Container.php(653): Illuminate\\Container\\BoundMethod::call()
#24 /home/roberiofagundes/Documentos/projetos/projeto/vendor/laravel/framework/src/Illuminate/Console/Command.php(136): Illuminate\\Container\\Container->call()
#25 /home/roberiofagundes/Documentos/projetos/projeto/vendor/symfony/console/Command/Command.php(299): Illuminate\\Console\\Command->execute()
#26 /home/roberiofagundes/Documentos/projetos/projeto/vendor/laravel/framework/src/Illuminate/Console/Command.php(121): Symfony\\Component\\Console\\Command\\Command->run()
#27 /home/roberiofagundes/Documentos/projetos/projeto/vendor/symfony/console/Application.php(978): Illuminate\\Console\\Command->run()
#28 /home/roberiofagundes/Documentos/projetos/projeto/vendor/symfony/console/Application.php(295): Symfony\\Component\\Console\\Application->doRunCommand()
#29 /home/roberiofagundes/Documentos/projetos/projeto/vendor/symfony/console/Application.php(167): Symfony\\Component\\Console\\Application->doRun()
#30 /home/roberiofagundes/Documentos/projetos/projeto/vendor/laravel/framework/src/Illuminate/Console/Application.php(94): Symfony\\Component\\Console\\Application->run()
#31 /home/roberiofagundes/Documentos/projetos/projeto/vendor/laravel/framework/src/Illuminate/Foundation/Console/Kernel.php(129): Illuminate\\Console\\Application->run()
#32 /home/roberiofagundes/Documentos/projetos/projeto/artisan(37): Illuminate\\Foundation\\Console\\Kernel->handle()
#33 {main}
"} 
